Determining if the pthread_create exist failed with the following output:
Change Dir: /net/m/vkle/Documents/mmg/debug/CMakeFiles/CMakeTmp

Run Build Command:/usr/bin/gmake "cmTryCompileExec2310306361/fast"
/usr/bin/gmake -f CMakeFiles/cmTryCompileExec2310306361.dir/build.make CMakeFiles/cmTryCompileExec2310306361.dir/build
gmake[1] : on entre dans le répertoire « /net/m/vkle/Documents/mmg/debug/CMakeFiles/CMakeTmp »
/usr/bin/cmake -E cmake_progress_report /net/m/vkle/Documents/mmg/debug/CMakeFiles/CMakeTmp/CMakeFiles 1
Building C object CMakeFiles/cmTryCompileExec2310306361.dir/CheckSymbolExists.c.o
/usr/bin/cc   -Wno-char-subscripts     -o CMakeFiles/cmTryCompileExec2310306361.dir/CheckSymbolExists.c.o   -c /net/m/vkle/Documents/mmg/debug/CMakeFiles/CMakeTmp/CheckSymbolExists.c
Linking C executable cmTryCompileExec2310306361
/usr/bin/cmake -E cmake_link_script CMakeFiles/cmTryCompileExec2310306361.dir/link.txt --verbose=1
/usr/bin/cc   -Wno-char-subscripts      CMakeFiles/cmTryCompileExec2310306361.dir/CheckSymbolExists.c.o  -o cmTryCompileExec2310306361 -rdynamic 
CMakeFiles/cmTryCompileExec2310306361.dir/CheckSymbolExists.c.o : Dans la fonction « main » :
CheckSymbolExists.c:(.text+0x16) : référence indéfinie vers « pthread_create »
collect2: erreur: ld a retourné 1 code d'état d'exécution
gmake[1]: *** [cmTryCompileExec2310306361] Erreur 1
gmake[1] : on quitte le répertoire « /net/m/vkle/Documents/mmg/debug/CMakeFiles/CMakeTmp »
gmake: *** [cmTryCompileExec2310306361/fast] Erreur 2

File /net/m/vkle/Documents/mmg/debug/CMakeFiles/CMakeTmp/CheckSymbolExists.c:
/* */
#include <pthread.h>

int main(int argc, char** argv)
{
  (void)argv;
#ifndef pthread_create
  return ((int*)(&pthread_create))[argc];
#else
  (void)argc;
  return 0;
#endif
}

Determining if the function pthread_create exists in the pthreads failed with the following output:
Change Dir: /net/m/vkle/Documents/mmg/debug/CMakeFiles/CMakeTmp

Run Build Command:/usr/bin/gmake "cmTryCompileExec2953384711/fast"
/usr/bin/gmake -f CMakeFiles/cmTryCompileExec2953384711.dir/build.make CMakeFiles/cmTryCompileExec2953384711.dir/build
gmake[1] : on entre dans le répertoire « /net/m/vkle/Documents/mmg/debug/CMakeFiles/CMakeTmp »
/usr/bin/cmake -E cmake_progress_report /net/m/vkle/Documents/mmg/debug/CMakeFiles/CMakeTmp/CMakeFiles 1
Building C object CMakeFiles/cmTryCompileExec2953384711.dir/CheckFunctionExists.c.o
/usr/bin/cc   -Wno-char-subscripts  -DCHECK_FUNCTION_EXISTS=pthread_create   -o CMakeFiles/cmTryCompileExec2953384711.dir/CheckFunctionExists.c.o   -c /usr/share/cmake/Modules/CheckFunctionExists.c
Linking C executable cmTryCompileExec2953384711
/usr/bin/cmake -E cmake_link_script CMakeFiles/cmTryCompileExec2953384711.dir/link.txt --verbose=1
/usr/bin/cc   -Wno-char-subscripts  -DCHECK_FUNCTION_EXISTS=pthread_create    CMakeFiles/cmTryCompileExec2953384711.dir/CheckFunctionExists.c.o  -o cmTryCompileExec2953384711 -rdynamic -lpthreads 
/usr/bin/ld : ne peut trouver -lpthreads
collect2: erreur: ld a retourné 1 code d'état d'exécution
gmake[1]: *** [cmTryCompileExec2953384711] Erreur 1
gmake[1] : on quitte le répertoire « /net/m/vkle/Documents/mmg/debug/CMakeFiles/CMakeTmp »
gmake: *** [cmTryCompileExec2953384711/fast] Erreur 2


Performing C SOURCE FILE Test SCOTCH_Num_4 failed with the following output:
Change Dir: /net/m/vkle/Documents/mmg/debug/CMakeFiles/CMakeTmp

Run Build Command:/usr/bin/gmake "cmTryCompileExec2074641/fast"
/usr/bin/gmake -f CMakeFiles/cmTryCompileExec2074641.dir/build.make CMakeFiles/cmTryCompileExec2074641.dir/build
gmake[1] : on entre dans le répertoire « /net/m/vkle/Documents/mmg/debug/CMakeFiles/CMakeTmp »
/usr/bin/cmake -E cmake_progress_report /net/m/vkle/Documents/mmg/debug/CMakeFiles/CMakeTmp/CMakeFiles 1
Building C object CMakeFiles/cmTryCompileExec2074641.dir/src.c.o
/usr/bin/cc   -Wno-char-subscripts  -DSCOTCH_Num_4   -o CMakeFiles/cmTryCompileExec2074641.dir/src.c.o   -c /net/m/vkle/Documents/mmg/debug/CMakeFiles/CMakeTmp/src.c
/net/m/vkle/Documents/mmg/debug/CMakeFiles/CMakeTmp/src.c:4:20: erreur fatale: scotch.h : Aucun fichier ou dossier de ce type
 #include <scotch.h>
                    ^
compilation terminée.
gmake[1]: *** [CMakeFiles/cmTryCompileExec2074641.dir/src.c.o] Erreur 1
gmake[1] : on quitte le répertoire « /net/m/vkle/Documents/mmg/debug/CMakeFiles/CMakeTmp »
gmake: *** [cmTryCompileExec2074641/fast] Erreur 2

Return value: 1
Source file was:

#include <stdio.h>
#include <stdint.h>
#include <scotch.h>
int main(int argc, char **argv) {
  if (sizeof(SCOTCH_Num) == 4)
    return 0;
  else
    return 1;
}

Performing C SOURCE FILE Test SCOTCH_Num_8 failed with the following output:
Change Dir: /net/m/vkle/Documents/mmg/debug/CMakeFiles/CMakeTmp

Run Build Command:/usr/bin/gmake "cmTryCompileExec727878181/fast"
/usr/bin/gmake -f CMakeFiles/cmTryCompileExec727878181.dir/build.make CMakeFiles/cmTryCompileExec727878181.dir/build
gmake[1] : on entre dans le répertoire « /net/m/vkle/Documents/mmg/debug/CMakeFiles/CMakeTmp »
/usr/bin/cmake -E cmake_progress_report /net/m/vkle/Documents/mmg/debug/CMakeFiles/CMakeTmp/CMakeFiles 1
Building C object CMakeFiles/cmTryCompileExec727878181.dir/src.c.o
/usr/bin/cc   -Wno-char-subscripts  -DSCOTCH_Num_8   -o CMakeFiles/cmTryCompileExec727878181.dir/src.c.o   -c /net/m/vkle/Documents/mmg/debug/CMakeFiles/CMakeTmp/src.c
/net/m/vkle/Documents/mmg/debug/CMakeFiles/CMakeTmp/src.c:4:20: erreur fatale: scotch.h : Aucun fichier ou dossier de ce type
 #include <scotch.h>
                    ^
compilation terminée.
gmake[1]: *** [CMakeFiles/cmTryCompileExec727878181.dir/src.c.o] Erreur 1
gmake[1] : on quitte le répertoire « /net/m/vkle/Documents/mmg/debug/CMakeFiles/CMakeTmp »
gmake: *** [cmTryCompileExec727878181/fast] Erreur 2

Return value: 1
Source file was:

#include <stdio.h>
#include <stdint.h>
#include <scotch.h>
int main(int argc, char **argv) {
  if (sizeof(SCOTCH_Num) == 8)
    return 0;
  else
    return 1;
}

